{"/Users/asmitpandey/Desktop/acads/software/SSB-Software-Lab-Project/ssb/backend/server.js": {"path":"/Users/asmitpandey/Desktop/acads/software/SSB-Software-Lab-Project/ssb/backend/server.js","statementMap":{"0":{"start":{"line":1,"column":16},"end":{"line":1,"column":34}},"1":{"start":{"line":2,"column":13},"end":{"line":2,"column":28}},"2":{"start":{"line":3,"column":17},"end":{"line":3,"column":36}},"3":{"start":{"line":4,"column":13},"end":{"line":4,"column":28}},"4":{"start":{"line":5,"column":19},"end":{"line":5,"column":39}},"5":{"start":{"line":6,"column":15},"end":{"line":6,"column":41}},"6":{"start":{"line":7,"column":20},"end":{"line":7,"column":51}},"7":{"start":{"line":9,"column":12},"end":{"line":9,"column":21}},"8":{"start":{"line":10,"column":15},"end":{"line":10,"column":37}},"9":{"start":{"line":13,"column":11},"end":{"line":18,"column":2}},"10":{"start":{"line":21,"column":0},"end":{"line":21,"column":15}},"11":{"start":{"line":22,"column":0},"end":{"line":22,"column":23}},"12":{"start":{"line":25,"column":0},"end":{"line":35,"column":4}},"13":{"start":{"line":28,"column":4},"end":{"line":28,"column":45}},"14":{"start":{"line":30,"column":4},"end":{"line":30,"column":73}},"15":{"start":{"line":30,"column":30},"end":{"line":30,"column":72}},"16":{"start":{"line":33,"column":4},"end":{"line":33,"column":51}},"17":{"start":{"line":34,"column":4},"end":{"line":34,"column":19}},"18":{"start":{"line":38,"column":0},"end":{"line":55,"column":2}},"19":{"start":{"line":39,"column":2},"end":{"line":39,"column":45}},"20":{"start":{"line":42,"column":2},"end":{"line":50,"column":4}},"21":{"start":{"line":43,"column":4},"end":{"line":49,"column":5}},"22":{"start":{"line":44,"column":6},"end":{"line":44,"column":39}},"23":{"start":{"line":45,"column":6},"end":{"line":45,"column":57}},"24":{"start":{"line":46,"column":11},"end":{"line":49,"column":5}},"25":{"start":{"line":47,"column":6},"end":{"line":47,"column":40}},"26":{"start":{"line":48,"column":6},"end":{"line":48,"column":58}},"27":{"start":{"line":52,"column":2},"end":{"line":54,"column":4}},"28":{"start":{"line":53,"column":4},"end":{"line":53,"column":48}},"29":{"start":{"line":58,"column":0},"end":{"line":88,"column":2}},"30":{"start":{"line":59,"column":2},"end":{"line":87,"column":3}},"31":{"start":{"line":60,"column":104},"end":{"line":60,"column":112}},"32":{"start":{"line":62,"column":4},"end":{"line":62,"column":43}},"33":{"start":{"line":65,"column":27},"end":{"line":65,"column":58}},"34":{"start":{"line":66,"column":4},"end":{"line":68,"column":5}},"35":{"start":{"line":67,"column":6},"end":{"line":67,"column":87}},"36":{"start":{"line":70,"column":22},"end":{"line":80,"column":6}},"37":{"start":{"line":82,"column":4},"end":{"line":82,"column":45}},"38":{"start":{"line":83,"column":4},"end":{"line":83,"column":23}},"39":{"start":{"line":85,"column":4},"end":{"line":85,"column":50}},"40":{"start":{"line":86,"column":4},"end":{"line":86,"column":50}},"41":{"start":{"line":91,"column":0},"end":{"line":125,"column":2}},"42":{"start":{"line":92,"column":2},"end":{"line":124,"column":3}},"43":{"start":{"line":93,"column":37},"end":{"line":93,"column":45}},"44":{"start":{"line":95,"column":4},"end":{"line":95,"column":49}},"45":{"start":{"line":98,"column":19},"end":{"line":100,"column":6}},"46":{"start":{"line":102,"column":4},"end":{"line":104,"column":5}},"47":{"start":{"line":103,"column":6},"end":{"line":103,"column":76}},"48":{"start":{"line":107,"column":4},"end":{"line":109,"column":5}},"49":{"start":{"line":108,"column":6},"end":{"line":108,"column":76}},"50":{"start":{"line":112,"column":23},"end":{"line":118,"column":5}},"51":{"start":{"line":120,"column":4},"end":{"line":120,"column":24}},"52":{"start":{"line":122,"column":4},"end":{"line":122,"column":40}},"53":{"start":{"line":123,"column":4},"end":{"line":123,"column":76}},"54":{"start":{"line":128,"column":0},"end":{"line":152,"column":2}},"55":{"start":{"line":129,"column":2},"end":{"line":151,"column":3}},"56":{"start":{"line":131,"column":20},"end":{"line":131,"column":58}},"57":{"start":{"line":134,"column":29},"end":{"line":145,"column":7}},"58":{"start":{"line":134,"column":54},"end":{"line":145,"column":5}},"59":{"start":{"line":147,"column":4},"end":{"line":147,"column":30}},"60":{"start":{"line":149,"column":4},"end":{"line":149,"column":51}},"61":{"start":{"line":150,"column":4},"end":{"line":150,"column":62}},"62":{"start":{"line":155,"column":0},"end":{"line":182,"column":2}},"63":{"start":{"line":156,"column":2},"end":{"line":181,"column":3}},"64":{"start":{"line":157,"column":71},"end":{"line":157,"column":79}},"65":{"start":{"line":160,"column":24},"end":{"line":170,"column":6}},"66":{"start":{"line":172,"column":4},"end":{"line":172,"column":52}},"67":{"start":{"line":175,"column":4},"end":{"line":175,"column":66}},"68":{"start":{"line":177,"column":4},"end":{"line":177,"column":37}},"69":{"start":{"line":179,"column":4},"end":{"line":179,"column":55}},"70":{"start":{"line":180,"column":4},"end":{"line":180,"column":50}},"71":{"start":{"line":185,"column":0},"end":{"line":201,"column":2}},"72":{"start":{"line":186,"column":2},"end":{"line":200,"column":3}},"73":{"start":{"line":187,"column":27},"end":{"line":187,"column":37}},"74":{"start":{"line":190,"column":25},"end":{"line":190,"column":71}},"75":{"start":{"line":193,"column":32},"end":{"line":193,"column":75}},"76":{"start":{"line":193,"column":61},"end":{"line":193,"column":74}},"77":{"start":{"line":194,"column":34},"end":{"line":194,"column":76}},"78":{"start":{"line":194,"column":63},"end":{"line":194,"column":75}},"79":{"start":{"line":196,"column":4},"end":{"line":196,"column":60}},"80":{"start":{"line":198,"column":4},"end":{"line":198,"column":56}},"81":{"start":{"line":199,"column":4},"end":{"line":199,"column":67}},"82":{"start":{"line":204,"column":0},"end":{"line":216,"column":2}},"83":{"start":{"line":205,"column":2},"end":{"line":215,"column":3}},"84":{"start":{"line":206,"column":22},"end":{"line":206,"column":32}},"85":{"start":{"line":209,"column":25},"end":{"line":209,"column":58}},"86":{"start":{"line":211,"column":4},"end":{"line":211,"column":26}},"87":{"start":{"line":213,"column":4},"end":{"line":213,"column":61}},"88":{"start":{"line":214,"column":4},"end":{"line":214,"column":67}},"89":{"start":{"line":219,"column":0},"end":{"line":241,"column":2}},"90":{"start":{"line":220,"column":2},"end":{"line":240,"column":3}},"91":{"start":{"line":221,"column":19},"end":{"line":221,"column":29}},"92":{"start":{"line":223,"column":24},"end":{"line":223,"column":98}},"93":{"start":{"line":225,"column":4},"end":{"line":227,"column":5}},"94":{"start":{"line":226,"column":6},"end":{"line":226,"column":69}},"95":{"start":{"line":230,"column":4},"end":{"line":234,"column":6}},"96":{"start":{"line":236,"column":4},"end":{"line":236,"column":25}},"97":{"start":{"line":238,"column":4},"end":{"line":238,"column":56}},"98":{"start":{"line":239,"column":4},"end":{"line":239,"column":68}},"99":{"start":{"line":244,"column":0},"end":{"line":272,"column":2}},"100":{"start":{"line":245,"column":2},"end":{"line":271,"column":3}},"101":{"start":{"line":246,"column":19},"end":{"line":246,"column":29}},"102":{"start":{"line":248,"column":24},"end":{"line":248,"column":54}},"103":{"start":{"line":250,"column":4},"end":{"line":252,"column":5}},"104":{"start":{"line":251,"column":6},"end":{"line":251,"column":69}},"105":{"start":{"line":255,"column":22},"end":{"line":255,"column":39}},"106":{"start":{"line":258,"column":4},"end":{"line":258,"column":43}},"107":{"start":{"line":261,"column":4},"end":{"line":265,"column":6}},"108":{"start":{"line":267,"column":4},"end":{"line":267,"column":61}},"109":{"start":{"line":269,"column":4},"end":{"line":269,"column":55}},"110":{"start":{"line":270,"column":4},"end":{"line":270,"column":67}}},"fnMap":{"0":{"name":"(anonymous_0)","decl":{"start":{"line":27,"column":8},"end":{"line":27,"column":9}},"loc":{"start":{"line":27,"column":14},"end":{"line":31,"column":3}},"line":27},"1":{"name":"(anonymous_1)","decl":{"start":{"line":30,"column":24},"end":{"line":30,"column":25}},"loc":{"start":{"line":30,"column":30},"end":{"line":30,"column":72}},"line":30},"2":{"name":"(anonymous_2)","decl":{"start":{"line":32,"column":9},"end":{"line":32,"column":10}},"loc":{"start":{"line":32,"column":18},"end":{"line":35,"column":3}},"line":32},"3":{"name":"(anonymous_3)","decl":{"start":{"line":38,"column":20},"end":{"line":38,"column":21}},"loc":{"start":{"line":38,"column":32},"end":{"line":55,"column":1}},"line":38},"4":{"name":"(anonymous_4)","decl":{"start":{"line":42,"column":20},"end":{"line":42,"column":21}},"loc":{"start":{"line":42,"column":30},"end":{"line":50,"column":3}},"line":42},"5":{"name":"(anonymous_5)","decl":{"start":{"line":52,"column":26},"end":{"line":52,"column":27}},"loc":{"start":{"line":52,"column":32},"end":{"line":54,"column":3}},"line":52},"6":{"name":"(anonymous_6)","decl":{"start":{"line":58,"column":28},"end":{"line":58,"column":29}},"loc":{"start":{"line":58,"column":48},"end":{"line":88,"column":1}},"line":58},"7":{"name":"(anonymous_7)","decl":{"start":{"line":91,"column":26},"end":{"line":91,"column":27}},"loc":{"start":{"line":91,"column":46},"end":{"line":125,"column":1}},"line":91},"8":{"name":"(anonymous_8)","decl":{"start":{"line":128,"column":20},"end":{"line":128,"column":21}},"loc":{"start":{"line":128,"column":40},"end":{"line":152,"column":1}},"line":128},"9":{"name":"(anonymous_9)","decl":{"start":{"line":134,"column":41},"end":{"line":134,"column":42}},"loc":{"start":{"line":134,"column":54},"end":{"line":145,"column":5}},"line":134},"10":{"name":"(anonymous_10)","decl":{"start":{"line":155,"column":26},"end":{"line":155,"column":27}},"loc":{"start":{"line":155,"column":46},"end":{"line":182,"column":1}},"line":155},"11":{"name":"(anonymous_11)","decl":{"start":{"line":185,"column":44},"end":{"line":185,"column":45}},"loc":{"start":{"line":185,"column":64},"end":{"line":201,"column":1}},"line":185},"12":{"name":"(anonymous_12)","decl":{"start":{"line":193,"column":52},"end":{"line":193,"column":53}},"loc":{"start":{"line":193,"column":61},"end":{"line":193,"column":74}},"line":193},"13":{"name":"(anonymous_13)","decl":{"start":{"line":194,"column":54},"end":{"line":194,"column":55}},"loc":{"start":{"line":194,"column":63},"end":{"line":194,"column":75}},"line":194},"14":{"name":"(anonymous_14)","decl":{"start":{"line":204,"column":37},"end":{"line":204,"column":38}},"loc":{"start":{"line":204,"column":57},"end":{"line":216,"column":1}},"line":204},"15":{"name":"(anonymous_15)","decl":{"start":{"line":219,"column":37},"end":{"line":219,"column":38}},"loc":{"start":{"line":219,"column":57},"end":{"line":241,"column":1}},"line":219},"16":{"name":"(anonymous_16)","decl":{"start":{"line":244,"column":32},"end":{"line":244,"column":33}},"loc":{"start":{"line":244,"column":52},"end":{"line":272,"column":1}},"line":244}},"branchMap":{"0":{"loc":{"start":{"line":43,"column":4},"end":{"line":49,"column":5}},"type":"if","locations":[{"start":{"line":43,"column":4},"end":{"line":49,"column":5}},{"start":{"line":46,"column":11},"end":{"line":49,"column":5}}],"line":43},"1":{"loc":{"start":{"line":43,"column":8},"end":{"line":43,"column":42}},"type":"binary-expr","locations":[{"start":{"line":43,"column":8},"end":{"line":43,"column":28}},{"start":{"line":43,"column":32},"end":{"line":43,"column":42}}],"line":43},"2":{"loc":{"start":{"line":46,"column":11},"end":{"line":49,"column":5}},"type":"if","locations":[{"start":{"line":46,"column":11},"end":{"line":49,"column":5}},{"start":{},"end":{}}],"line":46},"3":{"loc":{"start":{"line":46,"column":15},"end":{"line":46,"column":50}},"type":"binary-expr","locations":[{"start":{"line":46,"column":15},"end":{"line":46,"column":37}},{"start":{"line":46,"column":41},"end":{"line":46,"column":50}}],"line":46},"4":{"loc":{"start":{"line":66,"column":4},"end":{"line":68,"column":5}},"type":"if","locations":[{"start":{"line":66,"column":4},"end":{"line":68,"column":5}},{"start":{},"end":{}}],"line":66},"5":{"loc":{"start":{"line":102,"column":4},"end":{"line":104,"column":5}},"type":"if","locations":[{"start":{"line":102,"column":4},"end":{"line":104,"column":5}},{"start":{},"end":{}}],"line":102},"6":{"loc":{"start":{"line":107,"column":4},"end":{"line":109,"column":5}},"type":"if","locations":[{"start":{"line":107,"column":4},"end":{"line":109,"column":5}},{"start":{},"end":{}}],"line":107},"7":{"loc":{"start":{"line":137,"column":12},"end":{"line":137,"column":101}},"type":"cond-expr","locations":[{"start":{"line":137,"column":48},"end":{"line":137,"column":65}},{"start":{"line":137,"column":68},"end":{"line":137,"column":101}}],"line":137},"8":{"loc":{"start":{"line":142,"column":19},"end":{"line":142,"column":43}},"type":"binary-expr","locations":[{"start":{"line":142,"column":19},"end":{"line":142,"column":37}},{"start":{"line":142,"column":41},"end":{"line":142,"column":43}}],"line":142},"9":{"loc":{"start":{"line":225,"column":4},"end":{"line":227,"column":5}},"type":"if","locations":[{"start":{"line":225,"column":4},"end":{"line":227,"column":5}},{"start":{},"end":{}}],"line":225},"10":{"loc":{"start":{"line":250,"column":4},"end":{"line":252,"column":5}},"type":"if","locations":[{"start":{"line":250,"column":4},"end":{"line":252,"column":5}},{"start":{},"end":{}}],"line":250}},"s":{"0":0,"1":0,"2":0,"3":0,"4":0,"5":0,"6":0,"7":0,"8":0,"9":0,"10":0,"11":0,"12":0,"13":0,"14":0,"15":0,"16":0,"17":0,"18":0,"19":0,"20":0,"21":0,"22":0,"23":0,"24":0,"25":0,"26":0,"27":0,"28":0,"29":0,"30":0,"31":0,"32":0,"33":0,"34":0,"35":0,"36":0,"37":0,"38":0,"39":0,"40":0,"41":0,"42":0,"43":0,"44":0,"45":0,"46":0,"47":0,"48":0,"49":0,"50":0,"51":0,"52":0,"53":0,"54":0,"55":0,"56":0,"57":0,"58":0,"59":0,"60":0,"61":0,"62":0,"63":0,"64":0,"65":0,"66":0,"67":0,"68":0,"69":0,"70":0,"71":0,"72":0,"73":0,"74":0,"75":0,"76":0,"77":0,"78":0,"79":0,"80":0,"81":0,"82":0,"83":0,"84":0,"85":0,"86":0,"87":0,"88":0,"89":0,"90":0,"91":0,"92":0,"93":0,"94":0,"95":0,"96":0,"97":0,"98":0,"99":0,"100":0,"101":0,"102":0,"103":0,"104":0,"105":0,"106":0,"107":0,"108":0,"109":0,"110":0},"f":{"0":0,"1":0,"2":0,"3":0,"4":0,"5":0,"6":0,"7":0,"8":0,"9":0,"10":0,"11":0,"12":0,"13":0,"14":0,"15":0,"16":0},"b":{"0":[0,0],"1":[0,0],"2":[0,0],"3":[0,0],"4":[0,0],"5":[0,0],"6":[0,0],"7":[0,0],"8":[0,0],"9":[0,0],"10":[0,0]}}
,"/Users/asmitpandey/Desktop/acads/software/SSB-Software-Lab-Project/ssb/backend/models/appointment.js": {"path":"/Users/asmitpandey/Desktop/acads/software/SSB-Software-Lab-Project/ssb/backend/models/appointment.js","statementMap":{"0":{"start":{"line":1,"column":17},"end":{"line":1,"column":36}},"1":{"start":{"line":2,"column":26},"end":{"line":2,"column":34}},"2":{"start":{"line":4,"column":26},"end":{"line":15,"column":2}},"3":{"start":{"line":17,"column":25},"end":{"line":17,"column":64}},"4":{"start":{"line":19,"column":0},"end":{"line":19,"column":33}}},"fnMap":{},"branchMap":{},"s":{"0":2,"1":2,"2":2,"3":2,"4":2},"f":{},"b":{},"_coverageSchema":"1a1c01bbd47fc00a2c39e90264f33305004495a9","hash":"937948ea1ea7461e670729eed83c61fbd361d22b"}
,"/Users/asmitpandey/Desktop/acads/software/SSB-Software-Lab-Project/ssb/backend/models/barber.js": {"path":"/Users/asmitpandey/Desktop/acads/software/SSB-Software-Lab-Project/ssb/backend/models/barber.js","statementMap":{"0":{"start":{"line":1,"column":17},"end":{"line":1,"column":36}},"1":{"start":{"line":2,"column":24},"end":{"line":2,"column":32}},"2":{"start":{"line":4,"column":21},"end":{"line":14,"column":2}},"3":{"start":{"line":16,"column":20},"end":{"line":16,"column":49}},"4":{"start":{"line":18,"column":0},"end":{"line":18,"column":29}}},"fnMap":{},"branchMap":{},"s":{"0":3,"1":3,"2":3,"3":3,"4":3},"f":{},"b":{},"_coverageSchema":"1a1c01bbd47fc00a2c39e90264f33305004495a9","hash":"e4f3301417f34d74a32e7c490d35767ee6b3f89c"}
,"/Users/asmitpandey/Desktop/acads/software/SSB-Software-Lab-Project/ssb/backend/tests/setup.js": {"path":"/Users/asmitpandey/Desktop/acads/software/SSB-Software-Lab-Project/ssb/backend/tests/setup.js","statementMap":{"0":{"start":{"line":1,"column":30},"end":{"line":1,"column":62}},"1":{"start":{"line":2,"column":17},"end":{"line":2,"column":36}},"2":{"start":{"line":7,"column":0},"end":{"line":11,"column":3}},"3":{"start":{"line":8,"column":2},"end":{"line":8,"column":49}},"4":{"start":{"line":9,"column":14},"end":{"line":9,"column":34}},"5":{"start":{"line":10,"column":2},"end":{"line":10,"column":30}},"6":{"start":{"line":14,"column":0},"end":{"line":18,"column":3}},"7":{"start":{"line":15,"column":2},"end":{"line":15,"column":43}},"8":{"start":{"line":16,"column":2},"end":{"line":16,"column":36}},"9":{"start":{"line":17,"column":2},"end":{"line":17,"column":27}},"10":{"start":{"line":21,"column":0},"end":{"line":27,"column":3}},"11":{"start":{"line":22,"column":22},"end":{"line":22,"column":53}},"12":{"start":{"line":23,"column":2},"end":{"line":26,"column":3}},"13":{"start":{"line":24,"column":23},"end":{"line":24,"column":39}},"14":{"start":{"line":25,"column":4},"end":{"line":25,"column":36}}},"fnMap":{"0":{"name":"(anonymous_0)","decl":{"start":{"line":7,"column":10},"end":{"line":7,"column":11}},"loc":{"start":{"line":7,"column":22},"end":{"line":11,"column":1}},"line":7},"1":{"name":"(anonymous_1)","decl":{"start":{"line":14,"column":9},"end":{"line":14,"column":10}},"loc":{"start":{"line":14,"column":21},"end":{"line":18,"column":1}},"line":14},"2":{"name":"(anonymous_2)","decl":{"start":{"line":21,"column":10},"end":{"line":21,"column":11}},"loc":{"start":{"line":21,"column":22},"end":{"line":27,"column":1}},"line":21}},"branchMap":{},"s":{"0":0,"1":0,"2":0,"3":0,"4":0,"5":0,"6":0,"7":0,"8":0,"9":0,"10":0,"11":0,"12":0,"13":0,"14":0},"f":{"0":0,"1":0,"2":0},"b":{}}
}
